2025-10-16 11:49:13 - QuotesScraper - WARNING - Erro ao fechar WebDriver: 'NoneType' object has no attribute 'quit'
2025-10-16 11:49:13 - QuotesScraper - WARNING - Erro ao fechar WebDriver: 'NoneType' object has no attribute 'quit'
2025-10-16 11:49:13 - QuotesScraper - INFO - Extraídas 1 citações da página
2025-10-16 11:49:13 - QuotesScraper - WARNING - Erro ao fechar WebDriver: 'NoneType' object has no attribute 'quit'
2025-10-16 11:49:13 - QuotesScraper - WARNING - Erro ao fechar WebDriver: 'NoneType' object has no attribute 'quit'
2025-10-16 11:49:13 - QuotesScraper - INFO - Extraídas 2 citações da página
2025-10-16 11:49:13 - QuotesScraper - WARNING - Erro ao fechar WebDriver: 'NoneType' object has no attribute 'quit'
2025-10-16 11:49:13 - QuotesScraper - WARNING - Erro ao fechar WebDriver: 'NoneType' object has no attribute 'quit'
2025-10-16 11:49:13 - QuotesScraper - INFO - ✓ Página carregada: http://test.com
2025-10-16 11:49:13 - QuotesScraper - WARNING - Erro ao fechar WebDriver: 'NoneType' object has no attribute 'quit'
2025-10-16 11:49:13 - QuotesScraper - WARNING - Erro ao fechar WebDriver: 'NoneType' object has no attribute 'quit'
2025-10-16 11:49:13 - QuotesScraper - WARNING - Tentativa 1/3 falhou: Connection error
2025-10-16 11:49:14 - QuotesScraper - WARNING - Tentativa 2/3 falhou: Connection error
2025-10-16 11:49:16 - QuotesScraper - WARNING - Tentativa 3/3 falhou: Connection error
2025-10-16 11:49:20 - QuotesScraper - ERROR - Falha ao carregar http://test.com
2025-10-16 11:49:20 - QuotesScraper - INFO - Salvo: C:\Users\tiago\AppData\Local\Temp\pytest-of-tiago\pytest-5\test_save_json0\test_quotes.json
2025-10-16 11:49:20 - QuotesScraper - WARNING - Erro ao fechar WebDriver: 'NoneType' object has no attribute 'quit'
2025-10-16 11:49:20 - QuotesScraper - WARNING - Erro ao fechar WebDriver: 'NoneType' object has no attribute 'quit'
2025-10-16 11:49:20 - QuotesScraper - INFO - Salvo: C:\Users\tiago\AppData\Local\Temp\pytest-of-tiago\pytest-5\test_save_csv0\test_quotes.csv
2025-10-16 11:49:20 - QuotesScraper - WARNING - Erro ao fechar WebDriver: 'NoneType' object has no attribute 'quit'
2025-10-16 11:49:20 - QuotesScraper - WARNING - Erro ao fechar WebDriver: 'NoneType' object has no attribute 'quit'
2025-10-16 11:49:20 - QuotesScraper - INFO - Banco de dados inicializado: C:\Users\tiago\AppData\Local\Temp\tmpaqur9gx_\test_quotes.db
2025-10-16 11:49:20 - QuotesScraper - WARNING - Erro ao fechar WebDriver: 'NoneType' object has no attribute 'quit'
2025-10-16 11:49:20 - QuotesScraper - WARNING - Erro ao fechar WebDriver: 'NoneType' object has no attribute 'quit'
2025-10-16 11:49:20 - QuotesScraper - INFO - Banco de dados inicializado: C:\Users\tiago\AppData\Local\Temp\tmphn7qg0gp\test_quotes.db
2025-10-16 11:49:21 - QuotesScraper - INFO - Banco de dados inicializado: C:\Users\tiago\AppData\Local\Temp\tmp2iwptw1u\test_quotes.db
2025-10-16 11:49:21 - QuotesScraper - DEBUG - Citação duplicada: The world as we have created it is a process of ou...
2025-10-16 11:49:21 - QuotesScraper - INFO - Banco de dados inicializado: C:\Users\tiago\AppData\Local\Temp\tmp64cqnyoa\test_quotes.db
2025-10-16 11:49:21 - QuotesScraper - INFO - Banco de dados inicializado: C:\Users\tiago\AppData\Local\Temp\tmpbbs0gcdv\test_quotes.db
2025-10-16 11:49:21 - QuotesScraper - INFO - Banco de dados inicializado: C:\Users\tiago\AppData\Local\Temp\tmpkbt3nakf\test_quotes.db
2025-10-16 11:49:21 - QuotesScraper - INFO - Banco de dados inicializado: C:\Users\tiago\AppData\Local\Temp\tmpjao06ngo\test_quotes.db
2025-10-16 11:49:21 - QuotesScraper - INFO - DataFrame criado com 1 linhas
2025-10-16 11:49:22 - QuotesScraper - INFO - Banco de dados inicializado: C:\Users\tiago\AppData\Local\Temp\tmp0_9sa2k0\test_quotes.db
2025-10-16 11:49:22 - QuotesScraper - INFO - DataFrame criado com 3 linhas
2025-10-16 11:49:22 - QuotesScraper - INFO - ✓ Página carregada: http://test.com
2025-10-16 11:49:22 - QuotesScraper - INFO - Extraídas 1 citações da página
2025-10-16 11:49:22 - QuotesScraper - INFO - Banco de dados inicializado: C:\Users\tiago\AppData\Local\Temp\tmptt242fti\test_quotes.db
2025-10-16 11:49:22 - QuotesScraper - WARNING - Erro ao fechar WebDriver: 'NoneType' object has no attribute 'quit'
2025-10-16 11:49:22 - QuotesScraper - WARNING - Erro ao fechar WebDriver: 'NoneType' object has no attribute 'quit'
2025-10-16 11:49:22 - QuotesScraper - INFO - Extraídas 0 citações da página
2025-10-16 11:49:22 - QuotesScraper - WARNING - Erro ao fechar WebDriver: 'NoneType' object has no attribute 'quit'
2025-10-16 11:49:22 - QuotesScraper - WARNING - Erro ao fechar WebDriver: 'NoneType' object has no attribute 'quit'
2025-10-16 11:49:22 - QuotesScraper - INFO - Extraídas 0 citações da página
2025-10-16 11:49:22 - QuotesScraper - WARNING - Erro ao fechar WebDriver: 'NoneType' object has no attribute 'quit'
2025-10-16 11:49:22 - QuotesScraper - WARNING - Erro ao fechar WebDriver: 'NoneType' object has no attribute 'quit'
2025-10-16 11:49:22 - QuotesScraper - INFO - Extraídas 1 citações da página
2025-10-16 11:49:22 - QuotesScraper - WARNING - Erro ao fechar WebDriver: 'NoneType' object has no attribute 'quit'
2025-10-16 11:49:22 - QuotesScraper - WARNING - Erro ao fechar WebDriver: 'NoneType' object has no attribute 'quit'
