2025-10-16 11:49:46 - QuotesScraper - WARNING - Erro ao fechar WebDriver: 'NoneType' object has no attribute 'quit'
2025-10-16 11:49:46 - QuotesScraper - WARNING - Erro ao fechar WebDriver: 'NoneType' object has no attribute 'quit'
2025-10-16 11:49:46 - QuotesScraper - INFO - Extraídas 1 citações da página
2025-10-16 11:49:46 - QuotesScraper - WARNING - Erro ao fechar WebDriver: 'NoneType' object has no attribute 'quit'
2025-10-16 11:49:46 - QuotesScraper - WARNING - Erro ao fechar WebDriver: 'NoneType' object has no attribute 'quit'
2025-10-16 11:49:46 - QuotesScraper - INFO - Extraídas 2 citações da página
2025-10-16 11:49:46 - QuotesScraper - WARNING - Erro ao fechar WebDriver: 'NoneType' object has no attribute 'quit'
2025-10-16 11:49:46 - QuotesScraper - WARNING - Erro ao fechar WebDriver: 'NoneType' object has no attribute 'quit'
2025-10-16 11:49:46 - QuotesScraper - INFO - ✓ Página carregada: http://test.com
2025-10-16 11:49:46 - QuotesScraper - WARNING - Erro ao fechar WebDriver: 'NoneType' object has no attribute 'quit'
2025-10-16 11:49:46 - QuotesScraper - WARNING - Erro ao fechar WebDriver: 'NoneType' object has no attribute 'quit'
2025-10-16 11:49:46 - QuotesScraper - WARNING - Tentativa 1/3 falhou: Connection error
2025-10-16 11:49:47 - QuotesScraper - WARNING - Tentativa 2/3 falhou: Connection error
2025-10-16 11:49:49 - QuotesScraper - WARNING - Tentativa 3/3 falhou: Connection error
2025-10-16 11:49:53 - QuotesScraper - ERROR - Falha ao carregar http://test.com
2025-10-16 11:49:53 - QuotesScraper - INFO - Salvo: C:\Users\tiago\AppData\Local\Temp\pytest-of-tiago\pytest-6\test_save_json0\test_quotes.json
2025-10-16 11:49:54 - QuotesScraper - WARNING - Erro ao fechar WebDriver: 'NoneType' object has no attribute 'quit'
2025-10-16 11:49:54 - QuotesScraper - WARNING - Erro ao fechar WebDriver: 'NoneType' object has no attribute 'quit'
2025-10-16 11:49:54 - QuotesScraper - INFO - Salvo: C:\Users\tiago\AppData\Local\Temp\pytest-of-tiago\pytest-6\test_save_csv0\test_quotes.csv
2025-10-16 11:49:54 - QuotesScraper - WARNING - Erro ao fechar WebDriver: 'NoneType' object has no attribute 'quit'
2025-10-16 11:49:54 - QuotesScraper - WARNING - Erro ao fechar WebDriver: 'NoneType' object has no attribute 'quit'
2025-10-16 11:49:54 - QuotesScraper - INFO - Banco de dados inicializado: C:\Users\tiago\AppData\Local\Temp\tmp5d3y05nh\test_quotes.db
2025-10-16 11:49:54 - QuotesScraper - WARNING - Erro ao fechar WebDriver: 'NoneType' object has no attribute 'quit'
2025-10-16 11:49:54 - QuotesScraper - WARNING - Erro ao fechar WebDriver: 'NoneType' object has no attribute 'quit'
2025-10-16 11:49:54 - QuotesScraper - INFO - Banco de dados inicializado: C:\Users\tiago\AppData\Local\Temp\tmpm5ocli9x\test_quotes.db
2025-10-16 11:49:54 - QuotesScraper - INFO - Banco de dados inicializado: C:\Users\tiago\AppData\Local\Temp\tmprpucihd1\test_quotes.db
2025-10-16 11:49:54 - QuotesScraper - DEBUG - Citação duplicada: The world as we have created it is a process of ou...
2025-10-16 11:49:54 - QuotesScraper - INFO - Banco de dados inicializado: C:\Users\tiago\AppData\Local\Temp\tmpj94b8w9f\test_quotes.db
2025-10-16 11:49:54 - QuotesScraper - INFO - Banco de dados inicializado: C:\Users\tiago\AppData\Local\Temp\tmpbqtn6tr1\test_quotes.db
2025-10-16 11:49:55 - QuotesScraper - INFO - Banco de dados inicializado: C:\Users\tiago\AppData\Local\Temp\tmpvxzwp57p\test_quotes.db
2025-10-16 11:49:55 - QuotesScraper - INFO - Banco de dados inicializado: C:\Users\tiago\AppData\Local\Temp\tmp397_60rq\test_quotes.db
2025-10-16 11:49:55 - QuotesScraper - INFO - DataFrame criado com 1 linhas
2025-10-16 11:49:55 - QuotesScraper - INFO - Banco de dados inicializado: C:\Users\tiago\AppData\Local\Temp\tmp0zm8s30r\test_quotes.db
2025-10-16 11:49:55 - QuotesScraper - INFO - DataFrame criado com 3 linhas
2025-10-16 11:49:55 - QuotesScraper - INFO - ✓ Página carregada: http://test.com
2025-10-16 11:49:55 - QuotesScraper - INFO - Extraídas 1 citações da página
2025-10-16 11:49:55 - QuotesScraper - INFO - Banco de dados inicializado: C:\Users\tiago\AppData\Local\Temp\tmpa6ufrdwo\test_quotes.db
2025-10-16 11:49:55 - QuotesScraper - WARNING - Erro ao fechar WebDriver: 'NoneType' object has no attribute 'quit'
2025-10-16 11:49:55 - QuotesScraper - WARNING - Erro ao fechar WebDriver: 'NoneType' object has no attribute 'quit'
2025-10-16 11:49:55 - QuotesScraper - INFO - Extraídas 0 citações da página
2025-10-16 11:49:55 - QuotesScraper - WARNING - Erro ao fechar WebDriver: 'NoneType' object has no attribute 'quit'
2025-10-16 11:49:55 - QuotesScraper - WARNING - Erro ao fechar WebDriver: 'NoneType' object has no attribute 'quit'
2025-10-16 11:49:55 - QuotesScraper - INFO - Extraídas 0 citações da página
2025-10-16 11:49:55 - QuotesScraper - WARNING - Erro ao fechar WebDriver: 'NoneType' object has no attribute 'quit'
2025-10-16 11:49:55 - QuotesScraper - WARNING - Erro ao fechar WebDriver: 'NoneType' object has no attribute 'quit'
2025-10-16 11:49:55 - QuotesScraper - INFO - Extraídas 1 citações da página
2025-10-16 11:49:55 - QuotesScraper - WARNING - Erro ao fechar WebDriver: 'NoneType' object has no attribute 'quit'
2025-10-16 11:49:55 - QuotesScraper - WARNING - Erro ao fechar WebDriver: 'NoneType' object has no attribute 'quit'
